<?xml version="1.0" encoding="UTF-8"?>
<coverage generated="1767084451695" clover="3.2.0">
  <project timestamp="1767084451695" name="All files">
    <metrics statements="42" coveredstatements="22" conditionals="4" coveredconditionals="4" methods="17" coveredmethods="16" elements="63" coveredelements="42" complexity="0" loc="42" ncloc="42" packages="1" files="2" classes="2"/>
    <file name="app.ts" path="C:\Users\User\Desktop\SE2\src\app.ts">
      <metrics statements="24" coveredstatements="22" conditionals="4" coveredconditionals="4" methods="17" coveredmethods="16"/>
      <line num="8" count="7" type="stmt"/>
      <line num="12" count="7" type="stmt"/>
      <line num="15" count="2" type="stmt"/>
      <line num="19" count="8" type="stmt"/>
      <line num="25" count="8" type="stmt"/>
      <line num="26" count="5" type="stmt"/>
      <line num="30" count="1" type="stmt"/>
      <line num="35" count="1" type="stmt"/>
      <line num="39" count="1" type="stmt"/>
      <line num="46" count="0" type="stmt"/>
      <line num="47" count="0" type="stmt"/>
      <line num="58" count="7" type="stmt"/>
      <line num="61" count="8" type="stmt"/>
      <line num="67" count="1" type="stmt"/>
      <line num="79" count="2" type="cond" truecount="1" falsecount="0"/>
      <line num="80" count="1" type="stmt"/>
      <line num="87" count="2" type="cond" truecount="1" falsecount="0"/>
      <line num="88" count="1" type="stmt"/>
      <line num="95" count="2" type="cond" truecount="1" falsecount="0"/>
      <line num="96" count="1" type="stmt"/>
      <line num="110" count="10" type="stmt"/>
      <line num="114" count="3" type="cond" truecount="1" falsecount="0"/>
      <line num="115" count="1" type="stmt"/>
      <line num="117" count="2" type="stmt"/>
    </file>
    <file name="index.ts" path="C:\Users\User\Desktop\SE2\src\index.ts">
      <metrics statements="18" coveredstatements="0" conditionals="0" coveredconditionals="0" methods="0" coveredmethods="0"/>
      <line num="7" count="0" type="stmt"/>
      <line num="15" count="0" type="stmt"/>
      <line num="21" count="0" type="stmt"/>
      <line num="22" count="0" type="stmt"/>
      <line num="23" count="0" type="stmt"/>
      <line num="27" count="0" type="stmt"/>
      <line num="30" count="0" type="stmt"/>
      <line num="31" count="0" type="stmt"/>
      <line num="34" count="0" type="stmt"/>
      <line num="36" count="0" type="stmt"/>
      <line num="39" count="0" type="stmt"/>
      <line num="40" count="0" type="stmt"/>
      <line num="43" count="0" type="stmt"/>
      <line num="44" count="0" type="stmt"/>
      <line num="45" count="0" type="stmt"/>
      <line num="48" count="0" type="stmt"/>
      <line num="49" count="0" type="stmt"/>
      <line num="50" count="0" type="stmt"/>
    </file>
  </project>
</coverage>
