{"C:\\Users\\User\\Desktop\\SE2\\src\\app.ts": {"path":"C:\\Users\\User\\Desktop\\SE2\\src\\app.ts","statementMap":{"0":{"start":{"line":8,"column":22},"end":{"line":8,"column":42}},"1":{"start":{"line":8,"column":51},"end":{"line":8,"column":73}},"2":{"start":{"line":12,"column":28},"end":{"line":12,"column":30}},"3":{"start":{"line":15,"column":4},"end":{"line":15,"column":23}},"4":{"start":{"line":19,"column":22},"end":{"line":23,"column":null}},"5":{"start":{"line":25,"column":4},"end":{"line":25,"column":35}},"6":{"start":{"line":26,"column":4},"end":{"line":26,"column":28}},"7":{"start":{"line":30,"column":4},"end":{"line":30,"column":54}},"8":{"start":{"line":30,"column":37},"end":{"line":30,"column":52}},"9":{"start":{"line":35,"column":4},"end":{"line":35,"column":51}},"10":{"start":{"line":39,"column":4},"end":{"line":39,"column":58}},"11":{"start":{"line":46,"column":4},"end":{"line":46,"column":44}},"12":{"start":{"line":47,"column":4},"end":{"line":47,"column":34}},"13":{"start":{"line":58,"column":20},"end":{"line":58,"column":39}},"14":{"start":{"line":61,"column":4},"end":{"line":61,"column":null}},"15":{"start":{"line":61,"column":31},"end":{"line":61,"column":51}},"16":{"start":{"line":67,"column":49},"end":{"line":76,"column":4}},"17":{"start":{"line":79,"column":4},"end":{"line":81,"column":5}},"18":{"start":{"line":80,"column":6},"end":{"line":80,"column":40}},"19":{"start":{"line":87,"column":4},"end":{"line":89,"column":5}},"20":{"start":{"line":88,"column":6},"end":{"line":88,"column":58}},"21":{"start":{"line":95,"column":4},"end":{"line":97,"column":5}},"22":{"start":{"line":96,"column":6},"end":{"line":96,"column":50}},"23":{"start":{"line":110,"column":4},"end":{"line":110,"column":67}},"24":{"start":{"line":110,"column":43},"end":{"line":110,"column":62}},"25":{"start":{"line":114,"column":4},"end":{"line":116,"column":5}},"26":{"start":{"line":115,"column":6},"end":{"line":115,"column":15}},"27":{"start":{"line":117,"column":4},"end":{"line":117,"column":51}}},"fnMap":{"0":{"name":"(anonymous_0)","decl":{"start":{"line":8,"column":2},"end":{"line":8,"column":22}},"loc":{"start":{"line":8,"column":73},"end":{"line":10,"column":3}}},"1":{"name":"(anonymous_1)","decl":{"start":{"line":14,"column":2},"end":{"line":14,"column":11}},"loc":{"start":{"line":14,"column":11},"end":{"line":16,"column":3}}},"2":{"name":"(anonymous_2)","decl":{"start":{"line":18,"column":2},"end":{"line":18,"column":10}},"loc":{"start":{"line":18,"column":38},"end":{"line":27,"column":3}}},"3":{"name":"(anonymous_3)","decl":{"start":{"line":29,"column":2},"end":{"line":29,"column":14}},"loc":{"start":{"line":29,"column":25},"end":{"line":31,"column":3}}},"4":{"name":"(anonymous_4)","decl":{"start":{"line":30,"column":28},"end":{"line":30,"column":33}},"loc":{"start":{"line":30,"column":37},"end":{"line":30,"column":52}}},"5":{"name":"(anonymous_5)","decl":{"start":{"line":34,"column":2},"end":{"line":34,"column":17}},"loc":{"start":{"line":34,"column":17},"end":{"line":36,"column":3}}},"6":{"name":"(anonymous_6)","decl":{"start":{"line":38,"column":2},"end":{"line":38,"column":19}},"loc":{"start":{"line":38,"column":19},"end":{"line":40,"column":3}}},"7":{"name":"(anonymous_7)","decl":{"start":{"line":45,"column":9},"end":{"line":45,"column":21}},"loc":{"start":{"line":45,"column":31},"end":{"line":48,"column":3}}},"8":{"name":"(anonymous_8)","decl":{"start":{"line":58,"column":0},"end":{"line":58,"column":20}},"loc":{"start":{"line":58,"column":39},"end":{"line":58,"column":43}}},"9":{"name":"(anonymous_9)","decl":{"start":{"line":60,"column":0},"end":{"line":60,"column":8}},"loc":{"start":{"line":60,"column":21},"end":{"line":62,"column":1}}},"10":{"name":"(anonymous_10)","decl":{"start":{"line":61,"column":23},"end":{"line":61,"column":27}},"loc":{"start":{"line":61,"column":31},"end":{"line":61,"column":51}}},"11":{"name":"(anonymous_11)","decl":{"start":{"line":78,"column":2},"end":{"line":78,"column":10}},"loc":{"start":{"line":78,"column":23},"end":{"line":82,"column":3}}},"12":{"name":"(anonymous_12)","decl":{"start":{"line":86,"column":2},"end":{"line":86,"column":10}},"loc":{"start":{"line":86,"column":23},"end":{"line":90,"column":3}}},"13":{"name":"(anonymous_13)","decl":{"start":{"line":94,"column":2},"end":{"line":94,"column":10}},"loc":{"start":{"line":94,"column":23},"end":{"line":98,"column":3}}},"14":{"name":"(anonymous_14)","decl":{"start":{"line":109,"column":10},"end":{"line":109,"column":20}},"loc":{"start":{"line":109,"column":36},"end":{"line":111,"column":3}}},"15":{"name":"(anonymous_15)","decl":{"start":{"line":110,"column":25},"end":{"line":110,"column":26}},"loc":{"start":{"line":110,"column":43},"end":{"line":110,"column":62}}},"16":{"name":"(anonymous_16)","decl":{"start":{"line":113,"column":10},"end":{"line":113,"column":27}},"loc":{"start":{"line":113,"column":43},"end":{"line":118,"column":3}}}},"branchMap":{"0":{"loc":{"start":{"line":79,"column":4},"end":{"line":81,"column":5}},"type":"if","locations":[{"start":{"line":79,"column":4},"end":{"line":81,"column":5}}]},"1":{"loc":{"start":{"line":87,"column":4},"end":{"line":89,"column":5}},"type":"if","locations":[{"start":{"line":87,"column":4},"end":{"line":89,"column":5}}]},"2":{"loc":{"start":{"line":95,"column":4},"end":{"line":97,"column":5}},"type":"if","locations":[{"start":{"line":95,"column":4},"end":{"line":97,"column":5}}]},"3":{"loc":{"start":{"line":114,"column":4},"end":{"line":116,"column":5}},"type":"if","locations":[{"start":{"line":114,"column":4},"end":{"line":116,"column":5}}]}},"s":{"0":7,"1":7,"2":7,"3":2,"4":8,"5":8,"6":5,"7":1,"8":1,"9":1,"10":1,"11":0,"12":0,"13":7,"14":8,"15":6,"16":1,"17":2,"18":1,"19":2,"20":1,"21":2,"22":1,"23":4,"24":10,"25":3,"26":1,"27":2},"f":{"0":7,"1":2,"2":8,"3":1,"4":1,"5":1,"6":1,"7":0,"8":7,"9":8,"10":6,"11":2,"12":2,"13":2,"14":4,"15":10,"16":3},"b":{"0":[1],"1":[1],"2":[1],"3":[1]}}
,"C:\\Users\\User\\Desktop\\SE2\\src\\index.ts": {"path":"C:\\Users\\User\\Desktop\\SE2\\src\\index.ts","statementMap":{"0":{"start":{"line":7,"column":15},"end":{"line":13,"column":2}},"1":{"start":{"line":15,"column":12},"end":{"line":19,"column":null}},"2":{"start":{"line":21,"column":19},"end":{"line":21,"column":86}},"3":{"start":{"line":22,"column":0},"end":{"line":24,"column":1}},"4":{"start":{"line":23,"column":4},"end":{"line":23,"column":50}},"5":{"start":{"line":27,"column":0},"end":{"line":27,"column":65}},"6":{"start":{"line":30,"column":16},"end":{"line":30,"column":24}},"7":{"start":{"line":31,"column":17},"end":{"line":31,"column":19}},"8":{"start":{"line":34,"column":0},"end":{"line":34,"column":41}},"9":{"start":{"line":36,"column":0},"end":{"line":36,"column":72}},"10":{"start":{"line":39,"column":0},"end":{"line":39,"column":62}},"11":{"start":{"line":40,"column":0},"end":{"line":40,"column":67}},"12":{"start":{"line":43,"column":12},"end":{"line":43,"column":13}},"13":{"start":{"line":44,"column":19},"end":{"line":44,"column":51}},"14":{"start":{"line":45,"column":0},"end":{"line":45,"column":57}},"15":{"start":{"line":48,"column":20},"end":{"line":48,"column":22}},"16":{"start":{"line":49,"column":23},"end":{"line":49,"column":63}},"17":{"start":{"line":50,"column":0},"end":{"line":50,"column":62}}},"fnMap":{},"branchMap":{},"s":{"0":0,"1":0,"2":0,"3":0,"4":0,"5":0,"6":0,"7":0,"8":0,"9":0,"10":0,"11":0,"12":0,"13":0,"14":0,"15":0,"16":0,"17":0},"f":{},"b":{}}
}
