TN:
SF:src\app.ts
FN:8,(anonymous_0)
FN:14,(anonymous_1)
FN:18,(anonymous_2)
FN:29,(anonymous_3)
FN:30,(anonymous_4)
FN:34,(anonymous_5)
FN:38,(anonymous_6)
FN:45,(anonymous_7)
FN:58,(anonymous_8)
FN:60,(anonymous_9)
FN:61,(anonymous_10)
FN:78,(anonymous_11)
FN:86,(anonymous_12)
FN:94,(anonymous_13)
FN:109,(anonymous_14)
FN:110,(anonymous_15)
FN:113,(anonymous_16)
FNF:17
FNH:16
FNDA:7,(anonymous_0)
FNDA:2,(anonymous_1)
FNDA:8,(anonymous_2)
FNDA:1,(anonymous_3)
FNDA:1,(anonymous_4)
FNDA:1,(anonymous_5)
FNDA:1,(anonymous_6)
FNDA:0,(anonymous_7)
FNDA:7,(anonymous_8)
FNDA:8,(anonymous_9)
FNDA:6,(anonymous_10)
FNDA:2,(anonymous_11)
FNDA:2,(anonymous_12)
FNDA:2,(anonymous_13)
FNDA:4,(anonymous_14)
FNDA:10,(anonymous_15)
FNDA:3,(anonymous_16)
DA:8,7
DA:12,7
DA:15,2
DA:19,8
DA:25,8
DA:26,5
DA:30,1
DA:35,1
DA:39,1
DA:46,0
DA:47,0
DA:58,7
DA:61,8
DA:67,1
DA:79,2
DA:80,1
DA:87,2
DA:88,1
DA:95,2
DA:96,1
DA:110,10
DA:114,3
DA:115,1
DA:117,2
LF:24
LH:22
BRDA:79,0,0,1
BRDA:87,1,0,1
BRDA:95,2,0,1
BRDA:114,3,0,1
BRF:4
BRH:4
end_of_record
TN:
SF:src\index.ts
FNF:0
FNH:0
DA:7,0
DA:15,0
DA:21,0
DA:22,0
DA:23,0
DA:27,0
DA:30,0
DA:31,0
DA:34,0
DA:36,0
DA:39,0
DA:40,0
DA:43,0
DA:44,0
DA:45,0
DA:48,0
DA:49,0
DA:50,0
LF:18
LH:0
BRF:0
BRH:0
end_of_record
